Determining if the pthread_create exist failed with the following output:
Change Dir: /home/anonymous2/anon_auton_ws/build/CMakeFiles/CMakeTmp

Run Build Command:"/usr/bin/make" "cmTC_4cc65/fast"
/usr/bin/make -f CMakeFiles/cmTC_4cc65.dir/build.make CMakeFiles/cmTC_4cc65.dir/build
make[1]: Entering directory '/home/anonymous2/anon_auton_ws/build/CMakeFiles/CMakeTmp'
Building C object CMakeFiles/cmTC_4cc65.dir/CheckSymbolExists.c.o
/usr/bin/cc    -o CMakeFiles/cmTC_4cc65.dir/CheckSymbolExists.c.o   -c /home/anonymous2/anon_auton_ws/build/CMakeFiles/CMakeTmp/CheckSymbolExists.c
Linking C executable cmTC_4cc65
/usr/bin/cmake -E cmake_link_script CMakeFiles/cmTC_4cc65.dir/link.txt --verbose=1
/usr/bin/cc      -rdynamic CMakeFiles/cmTC_4cc65.dir/CheckSymbolExists.c.o  -o cmTC_4cc65 
CMakeFiles/cmTC_4cc65.dir/CheckSymbolExists.c.o: In function `main':
CheckSymbolExists.c:(.text+0x2c): undefined reference to `pthread_create'
collect2: error: ld returned 1 exit status
CMakeFiles/cmTC_4cc65.dir/build.make:97: recipe for target 'cmTC_4cc65' failed
make[1]: *** [cmTC_4cc65] Error 1
make[1]: Leaving directory '/home/anonymous2/anon_auton_ws/build/CMakeFiles/CMakeTmp'
Makefile:126: recipe for target 'cmTC_4cc65/fast' failed
make: *** [cmTC_4cc65/fast] Error 2

File /home/anonymous2/anon_auton_ws/build/CMakeFiles/CMakeTmp/CheckSymbolExists.c:
/* */
#include <pthread.h>

int main(int argc, char** argv)
{
  (void)argv;
#ifndef pthread_create
  return ((int*)(&pthread_create))[argc];
#else
  (void)argc;
  return 0;
#endif
}

Determining if the function pthread_create exists in the pthreads failed with the following output:
Change Dir: /home/anonymous2/anon_auton_ws/build/CMakeFiles/CMakeTmp

Run Build Command:"/usr/bin/make" "cmTC_dff8f/fast"
/usr/bin/make -f CMakeFiles/cmTC_dff8f.dir/build.make CMakeFiles/cmTC_dff8f.dir/build
make[1]: Entering directory '/home/anonymous2/anon_auton_ws/build/CMakeFiles/CMakeTmp'
Building C object CMakeFiles/cmTC_dff8f.dir/CheckFunctionExists.c.o
/usr/bin/cc   -DCHECK_FUNCTION_EXISTS=pthread_create   -o CMakeFiles/cmTC_dff8f.dir/CheckFunctionExists.c.o   -c /usr/share/cmake-3.10/Modules/CheckFunctionExists.c
Linking C executable cmTC_dff8f
/usr/bin/cmake -E cmake_link_script CMakeFiles/cmTC_dff8f.dir/link.txt --verbose=1
/usr/bin/cc  -DCHECK_FUNCTION_EXISTS=pthread_create    -rdynamic CMakeFiles/cmTC_dff8f.dir/CheckFunctionExists.c.o  -o cmTC_dff8f -lpthreads 
/usr/bin/ld: cannot find -lpthreads
collect2: error: ld returned 1 exit status
CMakeFiles/cmTC_dff8f.dir/build.make:97: recipe for target 'cmTC_dff8f' failed
make[1]: *** [cmTC_dff8f] Error 1
make[1]: Leaving directory '/home/anonymous2/anon_auton_ws/build/CMakeFiles/CMakeTmp'
Makefile:126: recipe for target 'cmTC_dff8f/fast' failed
make: *** [cmTC_dff8f/fast] Error 2


